# JRE version: OpenJDK Runtime Environment Temurin-21.0.8+9 (21.0.8+9) (build 21.0.8+9-LTS)
# Java VM: OpenJDK 64-Bit Server VM Temurin-21.0.8+9 (21.0.8+9-LTS, mixed mode, sharing, tiered, compressed oops, compressed class ptrs, parallel gc, windows-amd64)
GC Precious Log:
 CardTable entry size: 512
 CPUs: 8 total, 8 available
 Memory: 5965M
 Large Page Support: Disabled
 NUMA Support: Disabled
 Compressed Oops: Enabled (32-bit)
 Alignments: Space 512K, Generation 512K, Heap 2M
 Heap Min Capacity: 100M
 Heap Initial Capacity: 100M
 Heap Max Capacity: 2G
 Pre-touch: Disabled
 Parallel Workers: 8
Heap:
 PSYoungGen      total 2560K, used 1007K [0x00000000d5580000, 0x00000000d5980000, 0x0000000100000000)
  eden space 2048K, 27% used [0x00000000d5580000,0x00000000d560bc40,0x00000000d5780000)
  from space 512K, 87% used [0x00000000d5880000,0x00000000d58f0040,0x00000000d5900000)
  to   space 512K, 0% used [0x00000000d5900000,0x00000000d5900000,0x00000000d5980000)
 ParOldGen       total 1045504K, used 1044160K [0x0000000080000000, 0x00000000bfd00000, 0x00000000d5580000)
  object space 1045504K, 99% used [0x0000000080000000,0x00000000bfbb0088,0x00000000bfd00000)
 Metaspace       used 88255K, committed 89856K, reserved 1179648K
  class space    used 8893K, committed 9600K, reserved 1048576K
GC Heap History (20 events):
Event: 7743.106 GC heap before
{Heap before GC invocations=2755 (full 7):
 PSYoungGen      total 2560K, used 2528K [0x00000000d5580000, 0x00000000d5980000, 0x0000000100000000)
  eden space 2048K, 100% used [0x00000000d5580000,0x00000000d5780000,0x00000000d5780000)
  from space 512K, 93% used [0x00000000d5780000,0x00000000d57f8000,0x00000000d5800000)
  to   space 512K, 0% used [0x00000000d5900000,0x00000000d5900000,0x00000000d5980000)
 ParOldGen       total 980992K, used 980916K [0x0000000080000000, 0x00000000bbe00000, 0x00000000d5580000)
  object space 980992K, 99% used [0x0000000080000000,0x00000000bbded058,0x00000000bbe00000)
 Metaspace       used 88238K, committed 89856K, reserved 1179648K
  class space    used 8892K, committed 9600K, reserved 1048576K
}
Event: 7743.110 GC heap after
{Heap after GC invocations=2755 (full 7):
 PSYoungGen      total 2560K, used 512K [0x00000000d5580000, 0x00000000d5980000, 0x0000000100000000)
  eden space 2048K, 0% used [0x00000000d5580000,0x00000000d5580000,0x00000000d5780000)
  from space 512K, 100% used [0x00000000d5900000,0x00000000d5980000,0x00000000d5980000)
  to   space 1024K, 0% used [0x00000000d5780000,0x00000000d5780000,0x00000000d5880000)
 ParOldGen       total 981504K, used 981237K [0x0000000080000000, 0x00000000bbe80000, 0x00000000d5580000)
  object space 981504K, 99% used [0x0000000080000000,0x00000000bbe3d548,0x00000000bbe80000)
 Metaspace       used 88238K, committed 89856K, reserved 1179648K
  class space    used 8892K, committed 9600K, reserved 1048576K
}
Event: 7743.143 GC heap before
{Heap before GC invocations=2756 (full 7):
 PSYoungGen      total 2560K, used 2556K [0x00000000d5580000, 0x00000000d5980000, 0x0000000100000000)
  eden space 2048K, 99% used [0x00000000d5580000,0x00000000d577f3b8,0x00000000d5780000)
  from space 512K, 100% used [0x00000000d5900000,0x00000000d5980000,0x00000000d5980000)
  to   space 1024K, 0% used [0x00000000d5780000,0x00000000d5780000,0x00000000d5880000)
 ParOldGen       total 981504K, used 981237K [0x0000000080000000, 0x00000000bbe80000, 0x00000000d5580000)
  object space 981504K, 99% used [0x0000000080000000,0x00000000bbe3d548,0x00000000bbe80000)
 Metaspace       used 88238K, committed 89856K, reserved 1179648K
  class space    used 8892K, committed 9600K, reserved 1048576K
}
Event: 7743.146 GC heap after
{Heap after GC invocations=2756 (full 7):
 PSYoungGen      total 3072K, used 352K [0x00000000d5580000, 0x00000000d5980000, 0x0000000100000000)
  eden space 2048K, 0% used [0x00000000d5580000,0x00000000d5580000,0x00000000d5780000)
  from space 1024K, 34% used [0x00000000d5780000,0x00000000d57d8000,0x00000000d5880000)
  to   space 512K, 0% used [0x00000000d5900000,0x00000000d5900000,0x00000000d5980000)
 ParOldGen       total 982016K, used 981664K [0x0000000080000000, 0x00000000bbf00000, 0x00000000d5580000)
  object space 982016K, 99% used [0x0000000080000000,0x00000000bbea8090,0x00000000bbf00000)
 Metaspace       used 88238K, committed 89856K, reserved 1179648K
  class space    used 8892K, committed 9600K, reserved 1048576K
}
Event: 7743.765 GC heap before
{Heap before GC invocations=2757 (full 7):
 PSYoungGen      total 3072K, used 2400K [0x00000000d5580000, 0x00000000d5980000, 0x0000000100000000)
  eden space 2048K, 100% used [0x00000000d5580000,0x00000000d5780000,0x00000000d5780000)
  from space 1024K, 34% used [0x00000000d5780000,0x00000000d57d8000,0x00000000d5880000)
  to   space 512K, 0% used [0x00000000d5900000,0x00000000d5900000,0x00000000d5980000)
 ParOldGen       total 1045504K, used 1043104K [0x0000000080000000, 0x00000000bfd00000, 0x00000000d5580000)
  object space 1045504K, 99% used [0x0000000080000000,0x00000000bfaa80f0,0x00000000bfd00000)
 Metaspace       used 88238K, committed 89856K, reserved 1179648K
  class space    used 8892K, committed 9600K, reserved 1048576K
}
Event: 7743.775 GC heap after
{Heap after GC invocations=2757 (full 7):
 PSYoungGen      total 2560K, used 480K [0x00000000d5580000, 0x00000000d5980000, 0x0000000100000000)
  eden space 2048K, 0% used [0x00000000d5580000,0x00000000d5580000,0x00000000d5780000)
  from space 512K, 93% used [0x00000000d5900000,0x00000000d5978020,0x00000000d5980000)
  to   space 512K, 0% used [0x00000000d5880000,0x00000000d5880000,0x00000000d5900000)
 ParOldGen       total 1045504K, used 1043360K [0x0000000080000000, 0x00000000bfd00000, 0x00000000d5580000)
  object space 1045504K, 99% used [0x0000000080000000,0x00000000bfae80f0,0x00000000bfd00000)
 Metaspace       used 88238K, committed 89856K, reserved 1179648K
  class space    used 8892K, committed 9600K, reserved 1048576K
}
Event: 7743.923 GC heap before
{Heap before GC invocations=2758 (full 7):
 PSYoungGen      total 2560K, used 2528K [0x00000000d5580000, 0x00000000d5980000, 0x0000000100000000)
  eden space 2048K, 100% used [0x00000000d5580000,0x00000000d5780000,0x00000000d5780000)
  from space 512K, 93% used [0x00000000d5900000,0x00000000d5978020,0x00000000d5980000)
  to   space 512K, 0% used [0x00000000d5880000,0x00000000d5880000,0x00000000d5900000)
 ParOldGen       total 1045504K, used 1043360K [0x0000000080000000, 0x00000000bfd00000, 0x00000000d5580000)
  object space 1045504K, 99% used [0x0000000080000000,0x00000000bfae80f0,0x00000000bfd00000)
 Metaspace       used 88239K, committed 89856K, reserved 1179648K
  class space    used 8892K, committed 9600K, reserved 1048576K
}
Event: 7743.933 GC heap after
{Heap after GC invocations=2758 (full 7):
 PSYoungGen      total 2560K, used 256K [0x00000000d5580000, 0x00000000d5980000, 0x0000000100000000)
  eden space 2048K, 0% used [0x00000000d5580000,0x00000000d5580000,0x00000000d5780000)
  from space 512K, 50% used [0x00000000d5880000,0x00000000d58c0000,0x00000000d5900000)
  to   space 512K, 0% used [0x00000000d5900000,0x00000000d5900000,0x00000000d5980000)
 ParOldGen       total 1045504K, used 1043624K [0x0000000080000000, 0x00000000bfd00000, 0x00000000d5580000)
  object space 1045504K, 99% used [0x0000000080000000,0x00000000bfb2a028,0x00000000bfd00000)
 Metaspace       used 88239K, committed 89856K, reserved 1179648K
  class space    used 8892K, committed 9600K, reserved 1048576K
}
Event: 7911.922 GC heap before
{Heap before GC invocations=2759 (full 7):
 PSYoungGen      total 2560K, used 2303K [0x00000000d5580000, 0x00000000d5980000, 0x0000000100000000)
  eden space 2048K, 99% used [0x00000000d5580000,0x00000000d577fff8,0x00000000d5780000)
  from space 512K, 50% used [0x00000000d5880000,0x00000000d58c0000,0x00000000d5900000)
  to   space 512K, 0% used [0x00000000d5900000,0x00000000d5900000,0x00000000d5980000)
 ParOldGen       total 1045504K, used 1043624K [0x0000000080000000, 0x00000000bfd00000, 0x00000000d5580000)
  object space 1045504K, 99% used [0x0000000080000000,0x00000000bfb2a028,0x00000000bfd00000)
 Metaspace       used 88240K, committed 89856K, reserved 1179648K
  class space    used 8892K, committed 9600K, reserved 1048576K
}
Event: 7912.093 GC heap after
{Heap after GC invocations=2759 (full 7):
 PSYoungGen      total 2560K, used 224K [0x00000000d5580000, 0x00000000d5980000, 0x0000000100000000)
  eden space 2048K, 0% used [0x00000000d5580000,0x00000000d5580000,0x00000000d5780000)
  from space 512K, 43% used [0x00000000d5900000,0x00000000d5938000,0x00000000d5980000)
  to   space 512K, 0% used [0x00000000d5880000,0x00000000d5880000,0x00000000d5900000)
 ParOldGen       total 1045504K, used 1043672K [0x0000000080000000, 0x00000000bfd00000, 0x00000000d5580000)
  object space 1045504K, 99% used [0x0000000080000000,0x00000000bfb36028,0x00000000bfd00000)
 Metaspace       used 88240K, committed 89856K, reserved 1179648K
  class space    used 8892K, committed 9600K, reserved 1048576K
}
Event: 8974.374 GC heap before
{Heap before GC invocations=2760 (full 7):
 PSYoungGen      total 2560K, used 2271K [0x00000000d5580000, 0x00000000d5980000, 0x0000000100000000)
  eden space 2048K, 99% used [0x00000000d5580000,0x00000000d577ffd0,0x00000000d5780000)
  from space 512K, 43% used [0x00000000d5900000,0x00000000d5938000,0x00000000d5980000)
  to   space 512K, 0% used [0x00000000d5880000,0x00000000d5880000,0x00000000d5900000)
 ParOldGen       total 1045504K, used 1043672K [0x0000000080000000, 0x00000000bfd00000, 0x00000000d5580000)
  object space 1045504K, 99% used [0x0000000080000000,0x00000000bfb36028,0x00000000bfd00000)
 Metaspace       used 88241K, committed 89856K, reserved 1179648K
  class space    used 8892K, committed 9600K, reserved 1048576K
}
Event: 8974.697 GC heap after
{Heap after GC invocations=2760 (full 7):
 PSYoungGen      total 2560K, used 288K [0x00000000d5580000, 0x00000000d5980000, 0x0000000100000000)
  eden space 2048K, 0% used [0x00000000d5580000,0x00000000d5580000,0x00000000d5780000)
  from space 512K, 56% used [0x00000000d5880000,0x00000000d58c8020,0x00000000d5900000)
  to   space 512K, 0% used [0x00000000d5900000,0x00000000d5900000,0x00000000d5980000)
 ParOldGen       total 1045504K, used 1043752K [0x0000000080000000, 0x00000000bfd00000, 0x00000000d5580000)
  object space 1045504K, 99% used [0x0000000080000000,0x00000000bfb4a028,0x00000000bfd00000)
 Metaspace       used 88241K, committed 89856K, reserved 1179648K
  class space    used 8892K, committed 9600K, reserved 1048576K
}
Event: 8977.058 GC heap before
{Heap before GC invocations=2761 (full 7):
 PSYoungGen      total 2560K, used 2336K [0x00000000d5580000, 0x00000000d5980000, 0x0000000100000000)
  eden space 2048K, 100% used [0x00000000d5580000,0x00000000d5780000,0x00000000d5780000)
  from space 512K, 56% used [0x00000000d5880000,0x00000000d58c8020,0x00000000d5900000)
  to   space 512K, 0% used [0x00000000d5900000,0x00000000d5900000,0x00000000d5980000)
 ParOldGen       total 1045504K, used 1043752K [0x0000000080000000, 0x00000000bfd00000, 0x00000000d5580000)
  object space 1045504K, 99% used [0x0000000080000000,0x00000000bfb4a028,0x00000000bfd00000)
 Metaspace       used 88247K, committed 89856K, reserved 1179648K
  class space    used 8892K, committed 9600K, reserved 1048576K
}
Event: 8977.065 GC heap after
{Heap after GC invocations=2761 (full 7):
 PSYoungGen      total 2560K, used 464K [0x00000000d5580000, 0x00000000d5980000, 0x0000000100000000)
  eden space 2048K, 0% used [0x00000000d5580000,0x00000000d5580000,0x00000000d5780000)
  from space 512K, 90% used [0x00000000d5900000,0x00000000d5974050,0x00000000d5980000)
  to   space 512K, 0% used [0x00000000d5880000,0x00000000d5880000,0x00000000d5900000)
 ParOldGen       total 1045504K, used 1043872K [0x0000000080000000, 0x00000000bfd00000, 0x00000000d5580000)
  object space 1045504K, 99% used [0x0000000080000000,0x00000000bfb68058,0x00000000bfd00000)
 Metaspace       used 88247K, committed 89856K, reserved 1179648K
  class space    used 8892K, committed 9600K, reserved 1048576K
}
Event: 8978.094 GC heap before
{Heap before GC invocations=2762 (full 7):
 PSYoungGen      total 2560K, used 2512K [0x00000000d5580000, 0x00000000d5980000, 0x0000000100000000)
  eden space 2048K, 100% used [0x00000000d5580000,0x00000000d5780000,0x00000000d5780000)
  from space 512K, 90% used [0x00000000d5900000,0x00000000d5974050,0x00000000d5980000)
  to   space 512K, 0% used [0x00000000d5880000,0x00000000d5880000,0x00000000d5900000)
 ParOldGen       total 1045504K, used 1043872K [0x0000000080000000, 0x00000000bfd00000, 0x00000000d5580000)
  object space 1045504K, 99% used [0x0000000080000000,0x00000000bfb68058,0x00000000bfd00000)
 Metaspace       used 88247K, committed 89856K, reserved 1179648K
  class space    used 8892K, committed 9600K, reserved 1048576K
}
Event: 8978.103 GC heap after
{Heap after GC invocations=2762 (full 7):
 PSYoungGen      total 2560K, used 256K [0x00000000d5580000, 0x00000000d5980000, 0x0000000100000000)
  eden space 2048K, 0% used [0x00000000d5580000,0x00000000d5580000,0x00000000d5780000)
  from space 512K, 50% used [0x00000000d5880000,0x00000000d58c0000,0x00000000d5900000)
  to   space 512K, 0% used [0x00000000d5900000,0x00000000d5900000,0x00000000d5980000)
 ParOldGen       total 1045504K, used 1044056K [0x0000000080000000, 0x00000000bfd00000, 0x00000000d5580000)
  object space 1045504K, 99% used [0x0000000080000000,0x00000000bfb96088,0x00000000bfd00000)
 Metaspace       used 88247K, committed 89856K, reserved 1179648K
  class space    used 8892K, committed 9600K, reserved 1048576K
}
Event: 8978.302 GC heap before
{Heap before GC invocations=2763 (full 7):
 PSYoungGen      total 2560K, used 2304K [0x00000000d5580000, 0x00000000d5980000, 0x0000000100000000)
  eden space 2048K, 100% used [0x00000000d5580000,0x00000000d5780000,0x00000000d5780000)
  from space 512K, 50% used [0x00000000d5880000,0x00000000d58c0000,0x00000000d5900000)
  to   space 512K, 0% used [0x00000000d5900000,0x00000000d5900000,0x00000000d5980000)
 ParOldGen       total 1045504K, used 1044056K [0x0000000080000000, 0x00000000bfd00000, 0x00000000d5580000)
  object space 1045504K, 99% used [0x0000000080000000,0x00000000bfb96088,0x00000000bfd00000)
 Metaspace       used 88248K, committed 89856K, reserved 1179648K
  class space    used 8892K, committed 9600K, reserved 1048576K
}
Event: 8978.315 GC heap after
{Heap after GC invocations=2763 (full 7):
 PSYoungGen      total 2560K, used 224K [0x00000000d5580000, 0x00000000d5980000, 0x0000000100000000)
  eden space 2048K, 0% used [0x00000000d5580000,0x00000000d5580000,0x00000000d5780000)
  from space 512K, 43% used [0x00000000d5900000,0x00000000d5938000,0x00000000d5980000)
  to   space 512K, 0% used [0x00000000d5880000,0x00000000d5880000,0x00000000d5900000)
 ParOldGen       total 1045504K, used 1044112K [0x0000000080000000, 0x00000000bfd00000, 0x00000000d5580000)
  object space 1045504K, 99% used [0x0000000080000000,0x00000000bfba4088,0x00000000bfd00000)
 Metaspace       used 88248K, committed 89856K, reserved 1179648K
  class space    used 8892K, committed 9600K, reserved 1048576K
}
Event: 9281.006 GC heap before
{Heap before GC invocations=2764 (full 7):
 PSYoungGen      total 2560K, used 2271K [0x00000000d5580000, 0x00000000d5980000, 0x0000000100000000)
  eden space 2048K, 99% used [0x00000000d5580000,0x00000000d577fff8,0x00000000d5780000)
  from space 512K, 43% used [0x00000000d5900000,0x00000000d5938000,0x00000000d5980000)
  to   space 512K, 0% used [0x00000000d5880000,0x00000000d5880000,0x00000000d5900000)
 ParOldGen       total 1045504K, used 1044112K [0x0000000080000000, 0x00000000bfd00000, 0x00000000d5580000)
  object space 1045504K, 99% used [0x0000000080000000,0x00000000bfba4088,0x00000000bfd00000)
 Metaspace       used 88253K, committed 89856K, reserved 1179648K
  class space    used 8892K, committed 9600K, reserved 1048576K
}
Event: 9281.342 GC heap after
{Heap after GC invocations=2764 (full 7):
 PSYoungGen      total 2560K, used 448K [0x00000000d5580000, 0x00000000d5980000, 0x0000000100000000)
  eden space 2048K, 0% used [0x00000000d5580000,0x00000000d5580000,0x00000000d5780000)
  from space 512K, 87% used [0x00000000d5880000,0x00000000d58f0040,0x00000000d5900000)
  to   space 512K, 0% used [0x00000000d5900000,0x00000000d5900000,0x00000000d5980000)
 ParOldGen       total 1045504K, used 1044160K [0x0000000080000000, 0x00000000bfd00000, 0x00000000d5580000)
  object space 1045504K, 99% used [0x0000000080000000,0x00000000bfbb0088,0x00000000bfd00000)
 Metaspace       used 88253K, committed 89856K, reserved 1179648K
  class space    used 8892K, committed 9600K, reserved 1048576K
}

